{"error":"connect ECONNREFUSED ::1:27017, connect ECONNREFUSED 127.0.0.1:27017","level":"error","message":"MongoDB Connection Error","requestId":"no-request-id","service":"justin-lee-ai-backend","timestamp":"2026-01-12 20:02:00"}
{"error":"Unable to fetch token price and no cache available","level":"error","message":"Failed to update price","requestId":"no-request-id","service":"justin-lee-ai-backend","timestamp":"2026-01-12 20:03:40"}
{"error":"connect ECONNREFUSED ::1:27017, connect ECONNREFUSED 127.0.0.1:27017","level":"error","message":"MongoDB Connection Error","requestId":"no-request-id","service":"justin-lee-ai-backend","timestamp":"2026-01-12 20:07:02"}
{"error":"connect ECONNREFUSED ::1:27017, connect ECONNREFUSED 127.0.0.1:27017","level":"error","message":"MongoDB Connection Error","requestId":"no-request-id","service":"justin-lee-ai-backend","timestamp":"2026-01-12 20:08:09"}
{"error":"connect ECONNREFUSED ::1:27017, connect ECONNREFUSED 127.0.0.1:27017","level":"error","message":"MongoDB Connection Error","requestId":"no-request-id","service":"justin-lee-ai-backend","timestamp":"2026-01-12 20:09:54"}
{"error":"Unable to fetch token price and no cache available","level":"error","message":"Failed to update price","requestId":"no-request-id","service":"justin-lee-ai-backend","timestamp":"2026-01-12 20:11:33"}
{"error":"Unable to fetch token price and no cache available","level":"error","message":"Failed to update price","requestId":"no-request-id","service":"justin-lee-ai-backend","timestamp":"2026-01-12 20:13:33"}
{"error":"Unable to fetch token price and no cache available","level":"error","message":"Failed to update price","requestId":"no-request-id","service":"justin-lee-ai-backend","timestamp":"2026-01-12 20:18:53"}
{"error":"queryTxt ESERVFAIL cluster0.aleonke.mongodb.net","level":"error","message":"MongoDB Connection Error","requestId":"no-request-id","service":"justin-lee-ai-backend","timestamp":"2026-01-12 20:19:38"}
{"error":"Unable to fetch token price and no cache available","level":"error","message":"Failed to update price","requestId":"no-request-id","service":"justin-lee-ai-backend","timestamp":"2026-01-12 20:21:37"}
{"error":"queryTxt ESERVFAIL cluster0.aleonke.mongodb.net","level":"error","message":"MongoDB Connection Error","requestId":"no-request-id","service":"justin-lee-ai-backend","timestamp":"2026-01-12 20:22:21"}
{"error":"querySrv ESERVFAIL _mongodb._tcp.cluster0.aleonke.mongodb.net","level":"error","message":"MongoDB Connection Error","requestId":"no-request-id","service":"justin-lee-ai-backend","timestamp":"2026-01-12 20:23:46"}
{"error":"Unable to fetch token price and no cache available","level":"error","message":"Failed to update price","requestId":"no-request-id","service":"justin-lee-ai-backend","timestamp":"2026-01-12 20:25:48"}
{"error":"Unable to fetch token price and no cache available","level":"error","message":"Failed to update price","requestId":"no-request-id","service":"justin-lee-ai-backend","timestamp":"2026-01-12 20:27:49"}
{"error":"Operation `usagerecords.find()` buffering timed out after 10000ms","level":"error","message":"Automated settlement check failed","requestId":"no-request-id","service":"justin-lee-ai-backend","timestamp":"2026-01-12 20:28:58"}
{"error":"Unable to fetch token price and no cache available","level":"error","message":"Failed to update price","requestId":"no-request-id","service":"justin-lee-ai-backend","timestamp":"2026-01-12 20:29:48"}
{"error":"Unable to fetch token price and no cache available","level":"error","message":"Failed to update price","requestId":"no-request-id","service":"justin-lee-ai-backend","timestamp":"2026-01-12 20:31:57"}
{"error":"Unable to fetch token price and no cache available","level":"error","message":"Failed to update price","requestId":"no-request-id","service":"justin-lee-ai-backend","timestamp":"2026-01-12 20:36:21"}
{"error":"querySrv ESERVFAIL _mongodb._tcp.cluster0.aleonke.mongodb.net","level":"error","message":"MongoDB Connection Error","requestId":"no-request-id","service":"justin-lee-ai-backend","timestamp":"2026-01-12 20:37:30"}
{"error":"querySrv ESERVFAIL _mongodb._tcp.cluster0.aleonke.mongodb.net","level":"error","message":"MongoDB Connection Error","requestId":"no-request-id","service":"justin-lee-ai-backend","timestamp":"2026-01-12 20:38:31"}
{"error":"Unable to fetch token price and no cache available","level":"error","message":"Failed to update price","requestId":"no-request-id","service":"justin-lee-ai-backend","timestamp":"2026-01-12 20:40:32"}
{"error":"querySrv ESERVFAIL _mongodb._tcp.cluster0.aleonke.mongodb.net","level":"error","message":"MongoDB Connection Error","requestId":"no-request-id","service":"justin-lee-ai-backend","timestamp":"2026-01-12 20:41:20"}
{"error":"querySrv ESERVFAIL _mongodb._tcp.cluster0.aleonke.mongodb.net","level":"error","message":"MongoDB Connection Error","requestId":"no-request-id","service":"justin-lee-ai-backend","timestamp":"2026-01-12 20:42:52"}
{"error":"Unable to fetch token price and no cache available","level":"error","message":"Failed to update price","requestId":"no-request-id","service":"justin-lee-ai-backend","timestamp":"2026-01-12 23:44:36"}
{"error":"Operation `usagerecords.find()` buffering timed out after 10000ms","level":"error","message":"Automated settlement check failed","requestId":"no-request-id","service":"justin-lee-ai-backend","timestamp":"2026-01-13 02:11:09"}
{"error":"Operation `usagerecords.find()` buffering timed out after 10000ms","level":"error","message":"Scheduled settlement failed","requestId":"no-request-id","service":"justin-lee-ai-backend","timestamp":"2026-01-13 02:11:11"}
{"error":"Unable to fetch token price and no cache available","level":"error","message":"Failed to update price","requestId":"no-request-id","service":"justin-lee-ai-backend","timestamp":"2026-01-13 02:11:11"}
{"error":"Operation `usagerecords.find()` buffering timed out after 10000ms","level":"error","message":"Automated settlement check failed","requestId":"no-request-id","service":"justin-lee-ai-backend","timestamp":"2026-01-13 02:11:21"}
{"error":"Operation `usagerecords.find()` buffering timed out after 10000ms","level":"error","message":"Scheduled settlement failed","requestId":"no-request-id","service":"justin-lee-ai-backend","timestamp":"2026-01-13 02:11:21"}
{"error":"Unable to fetch token price and no cache available","level":"error","message":"Failed to update price","requestId":"no-request-id","service":"justin-lee-ai-backend","timestamp":"2026-01-13 02:13:11"}
{"error":"Unable to fetch token price and no cache available","level":"error","message":"Failed to update price","requestId":"no-request-id","service":"justin-lee-ai-backend","timestamp":"2026-01-13 02:15:11"}
{"error":"Operation `usagerecords.find()` buffering timed out after 10000ms","level":"error","message":"Automated settlement check failed","requestId":"no-request-id","service":"justin-lee-ai-backend","timestamp":"2026-01-13 17:36:12"}
{"error":"Unable to fetch token price and no cache available","level":"error","message":"Failed to update price","requestId":"no-request-id","service":"justin-lee-ai-backend","timestamp":"2026-01-13 17:36:12"}
{"error":"Operation `usagerecords.find()` buffering timed out after 10000ms","level":"error","message":"Automated settlement check failed","requestId":"no-request-id","service":"justin-lee-ai-backend","timestamp":"2026-01-13 17:36:22"}
{"error":"Operation `usagerecords.find()` buffering timed out after 10000ms","level":"error","message":"Scheduled settlement failed","requestId":"no-request-id","service":"justin-lee-ai-backend","timestamp":"2026-01-13 17:36:22"}
{"error":"Unable to fetch token price and no cache available","level":"error","message":"Failed to update price","requestId":"no-request-id","service":"justin-lee-ai-backend","timestamp":"2026-01-13 17:39:31"}
{"error":"Unable to fetch token price and no cache available","level":"error","message":"Failed to update price","requestId":"no-request-id","service":"justin-lee-ai-backend","timestamp":"2026-01-13 17:41:29"}
{"error":"Unable to fetch token price and no cache available","level":"error","message":"Failed to update price","requestId":"no-request-id","service":"justin-lee-ai-backend","timestamp":"2026-01-13 17:43:27"}
{"error":"Unable to fetch token price and no cache available","level":"error","message":"Failed to update price","requestId":"no-request-id","service":"justin-lee-ai-backend","timestamp":"2026-01-13 17:45:30"}
{"error":"Unable to fetch token price and no cache available","level":"error","message":"Failed to update price","requestId":"no-request-id","service":"justin-lee-ai-backend","timestamp":"2026-01-13 17:47:27"}
{"error":"Unable to fetch token price and no cache available","level":"error","message":"Failed to update price","requestId":"no-request-id","service":"justin-lee-ai-backend","timestamp":"2026-01-13 17:49:26"}
{"error":"Unable to fetch token price and no cache available","level":"error","message":"Failed to update price","requestId":"no-request-id","service":"justin-lee-ai-backend","timestamp":"2026-01-13 17:51:36"}
{"error":"Unable to fetch token price and no cache available","level":"error","message":"Failed to update price","requestId":"no-request-id","service":"justin-lee-ai-backend","timestamp":"2026-01-13 17:53:30"}
{"error":"Unable to fetch token price and no cache available","level":"error","message":"Failed to update price","requestId":"no-request-id","service":"justin-lee-ai-backend","timestamp":"2026-01-13 17:55:34"}
{"error":"Unable to fetch token price and no cache available","level":"error","message":"Failed to update price","requestId":"no-request-id","service":"justin-lee-ai-backend","timestamp":"2026-01-13 17:57:36"}
{"error":"Unable to fetch token price and no cache available","level":"error","message":"Failed to update price","requestId":"no-request-id","service":"justin-lee-ai-backend","timestamp":"2026-01-13 17:59:33"}
{"error":"Unable to fetch token price and no cache available","level":"error","message":"Failed to update price","requestId":"no-request-id","service":"justin-lee-ai-backend","timestamp":"2026-01-13 18:01:28"}
{"error":"Unable to fetch token price and no cache available","level":"error","message":"Failed to update price","requestId":"no-request-id","service":"justin-lee-ai-backend","timestamp":"2026-01-13 18:03:29"}
{"error":"Unable to fetch token price and no cache available","level":"error","message":"Failed to update price","requestId":"no-request-id","service":"justin-lee-ai-backend","timestamp":"2026-01-13 18:05:26"}
{"error":"Unable to fetch token price and no cache available","level":"error","message":"Failed to update price","requestId":"no-request-id","service":"justin-lee-ai-backend","timestamp":"2026-01-13 18:07:30"}
{"error":"Unable to fetch token price and no cache available","level":"error","message":"Failed to update price","requestId":"no-request-id","service":"justin-lee-ai-backend","timestamp":"2026-01-13 18:09:31"}
{"error":"Unable to fetch token price and no cache available","level":"error","message":"Failed to update price","requestId":"no-request-id","service":"justin-lee-ai-backend","timestamp":"2026-01-13 18:11:29"}
{"error":"Unable to fetch token price and no cache available","level":"error","message":"Failed to update price","requestId":"no-request-id","service":"justin-lee-ai-backend","timestamp":"2026-01-13 18:13:31"}
{"error":"Unable to fetch token price and no cache available","level":"error","message":"Failed to update price","requestId":"no-request-id","service":"justin-lee-ai-backend","timestamp":"2026-01-13 18:15:29"}
{"error":"Unable to fetch token price and no cache available","level":"error","message":"Failed to update price","requestId":"no-request-id","service":"justin-lee-ai-backend","timestamp":"2026-01-13 18:17:29"}
{"error":"Unable to fetch token price and no cache available","level":"error","message":"Failed to update price","requestId":"no-request-id","service":"justin-lee-ai-backend","timestamp":"2026-01-13 18:19:29"}
{"error":"Unable to fetch token price and no cache available","level":"error","message":"Failed to update price","requestId":"no-request-id","service":"justin-lee-ai-backend","timestamp":"2026-01-13 18:21:28"}
{"error":"Unable to fetch token price and no cache available","level":"error","message":"Failed to update price","requestId":"no-request-id","service":"justin-lee-ai-backend","timestamp":"2026-01-13 18:23:26"}
{"error":"Unable to fetch token price and no cache available","level":"error","message":"Failed to update price","requestId":"no-request-id","service":"justin-lee-ai-backend","timestamp":"2026-01-13 18:25:32"}
{"error":"Unable to fetch token price and no cache available","level":"error","message":"Failed to update price","requestId":"no-request-id","service":"justin-lee-ai-backend","timestamp":"2026-01-13 18:27:26"}
{"error":"Unable to fetch token price and no cache available","level":"error","message":"Failed to update price","requestId":"no-request-id","service":"justin-lee-ai-backend","timestamp":"2026-01-13 18:29:26"}
{"error":"Unable to fetch token price and no cache available","level":"error","message":"Failed to update price","requestId":"no-request-id","service":"justin-lee-ai-backend","timestamp":"2026-01-13 18:31:31"}
{"error":"Unable to fetch token price and no cache available","level":"error","message":"Failed to update price","requestId":"no-request-id","service":"justin-lee-ai-backend","timestamp":"2026-01-13 18:33:27"}
{"error":"Unable to fetch token price and no cache available","level":"error","message":"Failed to update price","requestId":"no-request-id","service":"justin-lee-ai-backend","timestamp":"2026-01-13 18:35:34"}
{"error":"Unable to fetch token price and no cache available","level":"error","message":"Failed to update price","requestId":"no-request-id","service":"justin-lee-ai-backend","timestamp":"2026-01-13 18:37:27"}
{"error":"Unable to fetch token price and no cache available","level":"error","message":"Failed to update price","requestId":"no-request-id","service":"justin-lee-ai-backend","timestamp":"2026-01-13 18:39:36"}
{"error":"Unable to fetch token price and no cache available","level":"error","message":"Failed to update price","requestId":"no-request-id","service":"justin-lee-ai-backend","timestamp":"2026-01-13 18:41:28"}
{"error":"Unable to fetch token price and no cache available","level":"error","message":"Failed to update price","requestId":"no-request-id","service":"justin-lee-ai-backend","timestamp":"2026-01-13 18:43:26"}
{"error":"Unable to fetch token price and no cache available","level":"error","message":"Failed to update price","requestId":"no-request-id","service":"justin-lee-ai-backend","timestamp":"2026-01-13 21:44:03"}
{"error":"Socket 'secureConnect' timed out after 23807926ms (connectTimeoutMS: 30000)","level":"error","message":"Automated settlement check failed","requestId":"no-request-id","service":"justin-lee-ai-backend","timestamp":"2026-01-14 04:20:52"}
{"error":"write ECONNRESET","level":"error","message":"Automated settlement check failed","requestId":"no-request-id","service":"justin-lee-ai-backend","timestamp":"2026-01-14 04:20:53"}
{"error":"Unable to fetch token price and no cache available","level":"error","message":"Failed to update price","requestId":"no-request-id","service":"justin-lee-ai-backend","timestamp":"2026-01-14 04:21:00"}
{"error":"Unable to fetch token price and no cache available","level":"error","message":"Failed to update price","requestId":"no-request-id","service":"justin-lee-ai-backend","timestamp":"2026-01-14 04:22:56"}
{"error":"Unable to fetch token price and no cache available","level":"error","message":"Failed to update price","requestId":"no-request-id","service":"justin-lee-ai-backend","timestamp":"2026-01-14 04:24:53"}
{"error":"Unable to fetch token price and no cache available","level":"error","message":"Failed to update price","requestId":"no-request-id","service":"justin-lee-ai-backend","timestamp":"2026-01-14 04:26:53"}
{"error":"Unable to fetch token price and no cache available","level":"error","message":"Failed to update price","requestId":"no-request-id","service":"justin-lee-ai-backend","timestamp":"2026-01-14 04:28:53"}
{"error":"Unable to fetch token price and no cache available","level":"error","message":"Failed to update price","requestId":"no-request-id","service":"justin-lee-ai-backend","timestamp":"2026-01-14 04:30:54"}
{"error":"Unable to fetch token price and no cache available","level":"error","message":"Failed to update price","requestId":"no-request-id","service":"justin-lee-ai-backend","timestamp":"2026-01-14 04:32:53"}
{"error":"Unable to fetch token price and no cache available","level":"error","message":"Failed to update price","requestId":"no-request-id","service":"justin-lee-ai-backend","timestamp":"2026-01-14 04:34:53"}
{"error":"Unable to fetch token price and no cache available","level":"error","message":"Failed to update price","requestId":"no-request-id","service":"justin-lee-ai-backend","timestamp":"2026-01-14 04:36:53"}
{"error":"Unable to fetch token price and no cache available","level":"error","message":"Failed to update price","requestId":"no-request-id","service":"justin-lee-ai-backend","timestamp":"2026-01-14 04:38:53"}
{"error":"Unable to fetch token price and no cache available","level":"error","message":"Failed to update price","requestId":"no-request-id","service":"justin-lee-ai-backend","timestamp":"2026-01-14 04:40:53"}
{"error":"Unable to fetch token price and no cache available","level":"error","message":"Failed to update price","requestId":"no-request-id","service":"justin-lee-ai-backend","timestamp":"2026-01-14 04:42:53"}
{"error":"Unable to fetch token price and no cache available","level":"error","message":"Failed to update price","requestId":"no-request-id","service":"justin-lee-ai-backend","timestamp":"2026-01-14 04:44:53"}
{"error":"Unable to fetch token price and no cache available","level":"error","message":"Failed to update price","requestId":"no-request-id","service":"justin-lee-ai-backend","timestamp":"2026-01-14 04:46:53"}
{"error":"Unable to fetch token price and no cache available","level":"error","message":"Failed to update price","requestId":"no-request-id","service":"justin-lee-ai-backend","timestamp":"2026-01-14 04:48:53"}
{"error":"Unable to fetch token price and no cache available","level":"error","message":"Failed to update price","requestId":"no-request-id","service":"justin-lee-ai-backend","timestamp":"2026-01-14 04:50:53"}
{"error":"Unable to fetch token price and no cache available","level":"error","message":"Failed to update price","requestId":"no-request-id","service":"justin-lee-ai-backend","timestamp":"2026-01-14 04:52:53"}
{"error":"Unable to fetch token price and no cache available","level":"error","message":"Failed to update price","requestId":"no-request-id","service":"justin-lee-ai-backend","timestamp":"2026-01-14 04:54:53"}
{"error":"Unable to fetch token price and no cache available","level":"error","message":"Failed to update price","requestId":"no-request-id","service":"justin-lee-ai-backend","timestamp":"2026-01-14 04:56:53"}
{"error":"Unable to fetch token price and no cache available","level":"error","message":"Failed to update price","requestId":"no-request-id","service":"justin-lee-ai-backend","timestamp":"2026-01-14 04:58:53"}
{"error":"Unable to fetch token price and no cache available","level":"error","message":"Failed to update price","requestId":"no-request-id","service":"justin-lee-ai-backend","timestamp":"2026-01-14 05:00:53"}
{"error":"Unable to fetch token price and no cache available","level":"error","message":"Failed to update price","requestId":"no-request-id","service":"justin-lee-ai-backend","timestamp":"2026-01-14 05:02:53"}
{"error":"Unable to fetch token price and no cache available","level":"error","message":"Failed to update price","requestId":"no-request-id","service":"justin-lee-ai-backend","timestamp":"2026-01-14 05:04:53"}
{"error":"Unable to fetch token price and no cache available","level":"error","message":"Failed to update price","requestId":"no-request-id","service":"justin-lee-ai-backend","timestamp":"2026-01-14 05:06:53"}
{"error":"Unable to fetch token price and no cache available","level":"error","message":"Failed to update price","requestId":"no-request-id","service":"justin-lee-ai-backend","timestamp":"2026-01-14 05:08:53"}
{"error":"Unable to fetch token price and no cache available","level":"error","message":"Failed to update price","requestId":"no-request-id","service":"justin-lee-ai-backend","timestamp":"2026-01-14 05:10:53"}
{"error":"Unable to fetch token price and no cache available","level":"error","message":"Failed to update price","requestId":"no-request-id","service":"justin-lee-ai-backend","timestamp":"2026-01-14 05:12:53"}
{"error":"Unable to fetch token price and no cache available","level":"error","message":"Failed to update price","requestId":"no-request-id","service":"justin-lee-ai-backend","timestamp":"2026-01-14 05:14:53"}
{"error":"Unable to fetch token price and no cache available","level":"error","message":"Failed to update price","requestId":"no-request-id","service":"justin-lee-ai-backend","timestamp":"2026-01-14 05:16:53"}
{"error":"Unable to fetch token price and no cache available","level":"error","message":"Failed to update price","requestId":"no-request-id","service":"justin-lee-ai-backend","timestamp":"2026-01-14 05:18:53"}
{"error":"Unable to fetch token price and no cache available","level":"error","message":"Failed to update price","requestId":"no-request-id","service":"justin-lee-ai-backend","timestamp":"2026-01-14 05:20:53"}
{"error":"Unable to fetch token price and no cache available","level":"error","message":"Failed to update price","requestId":"no-request-id","service":"justin-lee-ai-backend","timestamp":"2026-01-14 05:22:53"}
{"error":"Unable to fetch token price and no cache available","level":"error","message":"Failed to update price","requestId":"no-request-id","service":"justin-lee-ai-backend","timestamp":"2026-01-14 05:24:54"}
{"error":"Unable to fetch token price and no cache available","level":"error","message":"Failed to update price","requestId":"no-request-id","service":"justin-lee-ai-backend","timestamp":"2026-01-14 05:26:53"}
{"error":"Unable to fetch token price and no cache available","level":"error","message":"Failed to update price","requestId":"no-request-id","service":"justin-lee-ai-backend","timestamp":"2026-01-14 05:28:53"}
{"error":"Unable to fetch token price and no cache available","level":"error","message":"Failed to update price","requestId":"no-request-id","service":"justin-lee-ai-backend","timestamp":"2026-01-14 05:30:53"}
{"error":"Unable to fetch token price and no cache available","level":"error","message":"Failed to update price","requestId":"no-request-id","service":"justin-lee-ai-backend","timestamp":"2026-01-14 05:32:53"}
{"error":"Unable to fetch token price and no cache available","level":"error","message":"Failed to update price","requestId":"no-request-id","service":"justin-lee-ai-backend","timestamp":"2026-01-14 05:34:53"}
{"error":"Unable to fetch token price and no cache available","level":"error","message":"Failed to update price","requestId":"no-request-id","service":"justin-lee-ai-backend","timestamp":"2026-01-14 05:36:53"}
{"error":"Unable to fetch token price and no cache available","level":"error","message":"Failed to update price","requestId":"no-request-id","service":"justin-lee-ai-backend","timestamp":"2026-01-14 05:38:53"}
{"error":"Unable to fetch token price and no cache available","level":"error","message":"Failed to update price","requestId":"no-request-id","service":"justin-lee-ai-backend","timestamp":"2026-01-14 05:40:53"}
{"error":"Unable to fetch token price and no cache available","level":"error","message":"Failed to update price","requestId":"no-request-id","service":"justin-lee-ai-backend","timestamp":"2026-01-14 05:42:53"}
{"error":"Unable to fetch token price and no cache available","level":"error","message":"Failed to update price","requestId":"no-request-id","service":"justin-lee-ai-backend","timestamp":"2026-01-14 05:44:53"}
{"error":"Unable to fetch token price and no cache available","level":"error","message":"Failed to update price","requestId":"no-request-id","service":"justin-lee-ai-backend","timestamp":"2026-01-14 05:46:53"}
{"error":"Unable to fetch token price and no cache available","level":"error","message":"Failed to update price","requestId":"no-request-id","service":"justin-lee-ai-backend","timestamp":"2026-01-14 05:48:52"}
{"error":"Unable to fetch token price and no cache available","level":"error","message":"Failed to update price","requestId":"no-request-id","service":"justin-lee-ai-backend","timestamp":"2026-01-14 05:50:52"}
{"error":"getaddrinfo ENOTFOUND ac-lgf3506-shard-00-02.aleonke.mongodb.net","level":"error","message":"Automated settlement check failed","requestId":"no-request-id","service":"justin-lee-ai-backend","timestamp":"2026-01-14 05:51:22"}
{"error":"Unable to fetch token price and no cache available","level":"error","message":"Failed to update price","requestId":"no-request-id","service":"justin-lee-ai-backend","timestamp":"2026-01-14 05:52:52"}
{"error":"Unable to fetch token price and no cache available","level":"error","message":"Failed to update price","requestId":"no-request-id","service":"justin-lee-ai-backend","timestamp":"2026-01-14 05:54:52"}
{"error":"getaddrinfo ENOTFOUND ac-lgf3506-shard-00-02.aleonke.mongodb.net","level":"error","message":"Automated settlement check failed","requestId":"no-request-id","service":"justin-lee-ai-backend","timestamp":"2026-01-14 05:56:22"}
{"error":"Unable to fetch token price and no cache available","level":"error","message":"Failed to update price","requestId":"no-request-id","service":"justin-lee-ai-backend","timestamp":"2026-01-14 05:56:52"}
{"error":"Unable to fetch token price and no cache available","level":"error","message":"Failed to update price","requestId":"no-request-id","service":"justin-lee-ai-backend","timestamp":"2026-01-14 05:58:52"}
{"error":"Unable to fetch token price and no cache available","level":"error","message":"Failed to update price","requestId":"no-request-id","service":"justin-lee-ai-backend","timestamp":"2026-01-14 06:00:52"}
{"error":"getaddrinfo ENOTFOUND ac-lgf3506-shard-00-02.aleonke.mongodb.net","level":"error","message":"Automated settlement check failed","requestId":"no-request-id","service":"justin-lee-ai-backend","timestamp":"2026-01-14 06:01:22"}
{"error":"Unable to fetch token price and no cache available","level":"error","message":"Failed to update price","requestId":"no-request-id","service":"justin-lee-ai-backend","timestamp":"2026-01-14 06:02:52"}
{"error":"Unable to fetch token price and no cache available","level":"error","message":"Failed to update price","requestId":"no-request-id","service":"justin-lee-ai-backend","timestamp":"2026-01-14 06:04:52"}
{"error":"getaddrinfo ENOTFOUND ac-lgf3506-shard-00-02.aleonke.mongodb.net","level":"error","message":"Automated settlement check failed","requestId":"no-request-id","service":"justin-lee-ai-backend","timestamp":"2026-01-14 06:06:22"}
{"error":"Unable to fetch token price and no cache available","level":"error","message":"Failed to update price","requestId":"no-request-id","service":"justin-lee-ai-backend","timestamp":"2026-01-14 06:06:52"}
{"error":"Unable to fetch token price and no cache available","level":"error","message":"Failed to update price","requestId":"no-request-id","service":"justin-lee-ai-backend","timestamp":"2026-01-14 06:08:52"}
{"error":"Unable to fetch token price and no cache available","level":"error","message":"Failed to update price","requestId":"no-request-id","service":"justin-lee-ai-backend","timestamp":"2026-01-14 06:10:52"}
{"error":"getaddrinfo ENOTFOUND ac-lgf3506-shard-00-02.aleonke.mongodb.net","level":"error","message":"Automated settlement check failed","requestId":"no-request-id","service":"justin-lee-ai-backend","timestamp":"2026-01-14 06:11:22"}
{"error":"Unable to fetch token price and no cache available","level":"error","message":"Failed to update price","requestId":"no-request-id","service":"justin-lee-ai-backend","timestamp":"2026-01-14 06:12:52"}
{"error":"Unable to fetch token price and no cache available","level":"error","message":"Failed to update price","requestId":"no-request-id","service":"justin-lee-ai-backend","timestamp":"2026-01-14 06:14:52"}
{"error":"getaddrinfo ENOTFOUND ac-lgf3506-shard-00-02.aleonke.mongodb.net","level":"error","message":"Automated settlement check failed","requestId":"no-request-id","service":"justin-lee-ai-backend","timestamp":"2026-01-14 06:16:22"}
{"error":"Unable to fetch token price and no cache available","level":"error","message":"Failed to update price","requestId":"no-request-id","service":"justin-lee-ai-backend","timestamp":"2026-01-14 06:16:52"}
{"error":"Unable to fetch token price and no cache available","level":"error","message":"Failed to update price","requestId":"no-request-id","service":"justin-lee-ai-backend","timestamp":"2026-01-14 06:18:52"}
{"error":"Unable to fetch token price and no cache available","level":"error","message":"Failed to update price","requestId":"no-request-id","service":"justin-lee-ai-backend","timestamp":"2026-01-14 06:20:52"}
{"error":"getaddrinfo ENOTFOUND ac-lgf3506-shard-00-02.aleonke.mongodb.net","level":"error","message":"Automated settlement check failed","requestId":"no-request-id","service":"justin-lee-ai-backend","timestamp":"2026-01-14 06:21:22"}
{"error":"getaddrinfo ENOTFOUND ac-lgf3506-shard-00-02.aleonke.mongodb.net","level":"error","message":"Scheduled settlement failed","requestId":"no-request-id","service":"justin-lee-ai-backend","timestamp":"2026-01-14 06:21:23"}
{"error":"Unable to fetch token price and no cache available","level":"error","message":"Failed to update price","requestId":"no-request-id","service":"justin-lee-ai-backend","timestamp":"2026-01-14 06:22:52"}
{"error":"Unable to fetch token price and no cache available","level":"error","message":"Failed to update price","requestId":"no-request-id","service":"justin-lee-ai-backend","timestamp":"2026-01-14 06:24:52"}
{"error":"getaddrinfo ENOTFOUND ac-lgf3506-shard-00-02.aleonke.mongodb.net","level":"error","message":"Automated settlement check failed","requestId":"no-request-id","service":"justin-lee-ai-backend","timestamp":"2026-01-14 06:26:22"}
{"error":"Unable to fetch token price and no cache available","level":"error","message":"Failed to update price","requestId":"no-request-id","service":"justin-lee-ai-backend","timestamp":"2026-01-14 06:26:52"}
{"error":"Unable to fetch token price and no cache available","level":"error","message":"Failed to update price","requestId":"no-request-id","service":"justin-lee-ai-backend","timestamp":"2026-01-14 06:28:52"}
{"error":"Unable to fetch token price and no cache available","level":"error","message":"Failed to update price","requestId":"no-request-id","service":"justin-lee-ai-backend","timestamp":"2026-01-14 06:30:52"}
{"error":"getaddrinfo ENOTFOUND ac-lgf3506-shard-00-02.aleonke.mongodb.net","level":"error","message":"Automated settlement check failed","requestId":"no-request-id","service":"justin-lee-ai-backend","timestamp":"2026-01-14 06:31:22"}
{"error":"Unable to fetch token price and no cache available","level":"error","message":"Failed to update price","requestId":"no-request-id","service":"justin-lee-ai-backend","timestamp":"2026-01-14 06:32:52"}
{"error":"Unable to fetch token price and no cache available","level":"error","message":"Failed to update price","requestId":"no-request-id","service":"justin-lee-ai-backend","timestamp":"2026-01-14 06:34:52"}
{"error":"getaddrinfo ENOTFOUND ac-lgf3506-shard-00-02.aleonke.mongodb.net","level":"error","message":"Automated settlement check failed","requestId":"no-request-id","service":"justin-lee-ai-backend","timestamp":"2026-01-14 06:36:22"}
{"error":"Unable to fetch token price and no cache available","level":"error","message":"Failed to update price","requestId":"no-request-id","service":"justin-lee-ai-backend","timestamp":"2026-01-14 06:36:52"}
{"error":"Unable to fetch token price and no cache available","level":"error","message":"Failed to update price","requestId":"no-request-id","service":"justin-lee-ai-backend","timestamp":"2026-01-14 06:38:52"}
{"error":"Unable to fetch token price and no cache available","level":"error","message":"Failed to update price","requestId":"no-request-id","service":"justin-lee-ai-backend","timestamp":"2026-01-14 06:40:52"}
{"error":"getaddrinfo ENOTFOUND ac-lgf3506-shard-00-02.aleonke.mongodb.net","level":"error","message":"Automated settlement check failed","requestId":"no-request-id","service":"justin-lee-ai-backend","timestamp":"2026-01-14 06:41:22"}
{"error":"Unable to fetch token price and no cache available","level":"error","message":"Failed to update price","requestId":"no-request-id","service":"justin-lee-ai-backend","timestamp":"2026-01-14 06:42:52"}
{"error":"Unable to fetch token price and no cache available","level":"error","message":"Failed to update price","requestId":"no-request-id","service":"justin-lee-ai-backend","timestamp":"2026-01-14 06:44:52"}
{"error":"Unable to fetch token price and no cache available","level":"error","message":"Failed to update price","requestId":"no-request-id","service":"justin-lee-ai-backend","timestamp":"2026-01-14 06:46:53"}
{"error":"Unable to fetch token price and no cache available","level":"error","message":"Failed to update price","requestId":"no-request-id","service":"justin-lee-ai-backend","timestamp":"2026-01-14 06:48:53"}
{"error":"Unable to fetch token price and no cache available","level":"error","message":"Failed to update price","requestId":"no-request-id","service":"justin-lee-ai-backend","timestamp":"2026-01-14 06:50:53"}
{"error":"Unable to fetch token price and no cache available","level":"error","message":"Failed to update price","requestId":"no-request-id","service":"justin-lee-ai-backend","timestamp":"2026-01-14 06:52:53"}
{"error":"Unable to fetch token price and no cache available","level":"error","message":"Failed to update price","requestId":"no-request-id","service":"justin-lee-ai-backend","timestamp":"2026-01-14 06:54:53"}
{"error":"Unable to fetch token price and no cache available","level":"error","message":"Failed to update price","requestId":"no-request-id","service":"justin-lee-ai-backend","timestamp":"2026-01-14 06:56:53"}
{"error":"Unable to fetch token price and no cache available","level":"error","message":"Failed to update price","requestId":"no-request-id","service":"justin-lee-ai-backend","timestamp":"2026-01-14 06:58:53"}
{"error":"Unable to fetch token price and no cache available","level":"error","message":"Failed to update price","requestId":"no-request-id","service":"justin-lee-ai-backend","timestamp":"2026-01-14 07:00:53"}
{"error":"Unable to fetch token price and no cache available","level":"error","message":"Failed to update price","requestId":"no-request-id","service":"justin-lee-ai-backend","timestamp":"2026-01-14 07:02:53"}
{"error":"Unable to fetch token price and no cache available","level":"error","message":"Failed to update price","requestId":"no-request-id","service":"justin-lee-ai-backend","timestamp":"2026-01-14 07:04:55"}
{"error":"Unable to fetch token price and no cache available","level":"error","message":"Failed to update price","requestId":"no-request-id","service":"justin-lee-ai-backend","timestamp":"2026-01-14 07:06:53"}
{"error":"Unable to fetch token price and no cache available","level":"error","message":"Failed to update price","requestId":"no-request-id","service":"justin-lee-ai-backend","timestamp":"2026-01-14 07:08:53"}
{"error":"Unable to fetch token price and no cache available","level":"error","message":"Failed to update price","requestId":"no-request-id","service":"justin-lee-ai-backend","timestamp":"2026-01-14 07:10:53"}
{"error":"Unable to fetch token price and no cache available","level":"error","message":"Failed to update price","requestId":"no-request-id","service":"justin-lee-ai-backend","timestamp":"2026-01-14 07:12:53"}
{"error":"Unable to fetch token price and no cache available","level":"error","message":"Failed to update price","requestId":"no-request-id","service":"justin-lee-ai-backend","timestamp":"2026-01-14 07:14:53"}
{"error":"Unable to fetch token price and no cache available","level":"error","message":"Failed to update price","requestId":"no-request-id","service":"justin-lee-ai-backend","timestamp":"2026-01-14 07:16:53"}
{"error":"Unable to fetch token price and no cache available","level":"error","message":"Failed to update price","requestId":"no-request-id","service":"justin-lee-ai-backend","timestamp":"2026-01-14 07:18:53"}
{"error":"Unable to fetch token price and no cache available","level":"error","message":"Failed to update price","requestId":"no-request-id","service":"justin-lee-ai-backend","timestamp":"2026-01-14 07:20:53"}
{"error":"Unable to fetch token price and no cache available","level":"error","message":"Failed to update price","requestId":"no-request-id","service":"justin-lee-ai-backend","timestamp":"2026-01-14 07:22:53"}
{"error":"Unable to fetch token price and no cache available","level":"error","message":"Failed to update price","requestId":"no-request-id","service":"justin-lee-ai-backend","timestamp":"2026-01-14 07:24:53"}
{"error":"Unable to fetch token price and no cache available","level":"error","message":"Failed to update price","requestId":"no-request-id","service":"justin-lee-ai-backend","timestamp":"2026-01-14 07:27:02"}
{"error":"Unable to fetch token price and no cache available","level":"error","message":"Failed to update price","requestId":"no-request-id","service":"justin-lee-ai-backend","timestamp":"2026-01-14 07:28:53"}
{"error":"Unable to fetch token price and no cache available","level":"error","message":"Failed to update price","requestId":"no-request-id","service":"justin-lee-ai-backend","timestamp":"2026-01-14 07:30:56"}
{"error":"Unable to fetch token price and no cache available","level":"error","message":"Failed to update price","requestId":"no-request-id","service":"justin-lee-ai-backend","timestamp":"2026-01-14 07:32:53"}
{"error":"Unable to fetch token price and no cache available","level":"error","message":"Failed to update price","requestId":"no-request-id","service":"justin-lee-ai-backend","timestamp":"2026-01-14 07:34:53"}
{"error":"Unable to fetch token price and no cache available","level":"error","message":"Failed to update price","requestId":"no-request-id","service":"justin-lee-ai-backend","timestamp":"2026-01-14 07:36:53"}
{"error":"Unable to fetch token price and no cache available","level":"error","message":"Failed to update price","requestId":"no-request-id","service":"justin-lee-ai-backend","timestamp":"2026-01-14 07:38:53"}
{"error":"Unable to fetch token price and no cache available","level":"error","message":"Failed to update price","requestId":"no-request-id","service":"justin-lee-ai-backend","timestamp":"2026-01-14 07:40:53"}
{"error":"Unable to fetch token price and no cache available","level":"error","message":"Failed to update price","requestId":"no-request-id","service":"justin-lee-ai-backend","timestamp":"2026-01-14 07:42:53"}
{"error":"Unable to fetch token price and no cache available","level":"error","message":"Failed to update price","requestId":"no-request-id","service":"justin-lee-ai-backend","timestamp":"2026-01-14 07:44:53"}
{"error":"Unable to fetch token price and no cache available","level":"error","message":"Failed to update price","requestId":"no-request-id","service":"justin-lee-ai-backend","timestamp":"2026-01-14 07:46:54"}
{"error":"Unable to fetch token price and no cache available","level":"error","message":"Failed to update price","requestId":"no-request-id","service":"justin-lee-ai-backend","timestamp":"2026-01-14 07:48:53"}
{"error":"Unable to fetch token price and no cache available","level":"error","message":"Failed to update price","requestId":"no-request-id","service":"justin-lee-ai-backend","timestamp":"2026-01-14 07:50:53"}
{"error":"Unable to fetch token price and no cache available","level":"error","message":"Failed to update price","requestId":"no-request-id","service":"justin-lee-ai-backend","timestamp":"2026-01-14 07:52:53"}
{"error":"Unable to fetch token price and no cache available","level":"error","message":"Failed to update price","requestId":"no-request-id","service":"justin-lee-ai-backend","timestamp":"2026-01-14 07:54:53"}
{"error":"Unable to fetch token price and no cache available","level":"error","message":"Failed to update price","requestId":"no-request-id","service":"justin-lee-ai-backend","timestamp":"2026-01-14 07:56:53"}
{"error":"Unable to fetch token price and no cache available","level":"error","message":"Failed to update price","requestId":"no-request-id","service":"justin-lee-ai-backend","timestamp":"2026-01-14 07:58:53"}
{"error":"Unable to fetch token price and no cache available","level":"error","message":"Failed to update price","requestId":"no-request-id","service":"justin-lee-ai-backend","timestamp":"2026-01-14 08:11:49"}
{"error":"Unable to fetch token price and no cache available","level":"error","message":"Failed to update price","requestId":"no-request-id","service":"justin-lee-ai-backend","timestamp":"2026-01-14 08:11:55"}
{"error":"Unable to fetch token price and no cache available","level":"error","message":"Failed to update price","requestId":"no-request-id","service":"justin-lee-ai-backend","timestamp":"2026-01-14 08:13:50"}
{"error":"Unable to fetch token price and no cache available","level":"error","message":"Failed to update price","requestId":"no-request-id","service":"justin-lee-ai-backend","timestamp":"2026-01-14 08:15:50"}
{"error":"Unable to fetch token price and no cache available","level":"error","message":"Failed to update price","requestId":"no-request-id","service":"justin-lee-ai-backend","timestamp":"2026-01-14 08:17:50"}
{"error":"Unable to fetch token price and no cache available","level":"error","message":"Failed to update price","requestId":"no-request-id","service":"justin-lee-ai-backend","timestamp":"2026-01-14 08:19:50"}
{"error":"Unable to fetch token price and no cache available","level":"error","message":"Failed to update price","requestId":"no-request-id","service":"justin-lee-ai-backend","timestamp":"2026-01-14 08:21:50"}
{"error":"Unable to fetch token price and no cache available","level":"error","message":"Failed to update price","requestId":"no-request-id","service":"justin-lee-ai-backend","timestamp":"2026-01-14 08:23:50"}
{"error":"Unable to fetch token price and no cache available","level":"error","message":"Failed to update price","requestId":"no-request-id","service":"justin-lee-ai-backend","timestamp":"2026-01-14 08:25:50"}
{"error":"Unable to fetch token price and no cache available","level":"error","message":"Failed to update price","requestId":"no-request-id","service":"justin-lee-ai-backend","timestamp":"2026-01-14 08:27:58"}
{"error":"Unable to fetch token price and no cache available","level":"error","message":"Failed to update price","requestId":"no-request-id","service":"justin-lee-ai-backend","timestamp":"2026-01-14 08:29:51"}
{"error":"Unable to fetch token price and no cache available","level":"error","message":"Failed to update price","requestId":"no-request-id","service":"justin-lee-ai-backend","timestamp":"2026-01-14 08:31:53"}
{"error":"Unable to fetch token price and no cache available","level":"error","message":"Failed to update price","requestId":"no-request-id","service":"justin-lee-ai-backend","timestamp":"2026-01-14 08:33:59"}
{"error":"Unable to fetch token price and no cache available","level":"error","message":"Failed to update price","requestId":"no-request-id","service":"justin-lee-ai-backend","timestamp":"2026-01-14 08:35:54"}
{"error":"Unable to fetch token price and no cache available","level":"error","message":"Failed to update price","requestId":"no-request-id","service":"justin-lee-ai-backend","timestamp":"2026-01-14 08:37:54"}
{"error":"Unable to fetch token price and no cache available","level":"error","message":"Failed to update price","requestId":"no-request-id","service":"justin-lee-ai-backend","timestamp":"2026-01-14 08:39:50"}
{"error":"Unable to fetch token price and no cache available","level":"error","message":"Failed to update price","requestId":"no-request-id","service":"justin-lee-ai-backend","timestamp":"2026-01-14 08:41:50"}
{"error":"Unable to fetch token price and no cache available","level":"error","message":"Failed to update price","requestId":"no-request-id","service":"justin-lee-ai-backend","timestamp":"2026-01-14 08:43:50"}
{"error":"Unable to fetch token price and no cache available","level":"error","message":"Failed to update price","requestId":"no-request-id","service":"justin-lee-ai-backend","timestamp":"2026-01-14 08:45:50"}
{"error":"Unable to fetch token price and no cache available","level":"error","message":"Failed to update price","requestId":"no-request-id","service":"justin-lee-ai-backend","timestamp":"2026-01-14 08:47:50"}
{"error":"Unable to fetch token price and no cache available","level":"error","message":"Failed to update price","requestId":"no-request-id","service":"justin-lee-ai-backend","timestamp":"2026-01-14 08:49:51"}
{"error":"Unable to fetch token price and no cache available","level":"error","message":"Failed to update price","requestId":"no-request-id","service":"justin-lee-ai-backend","timestamp":"2026-01-14 08:51:51"}
{"error":"Unable to fetch token price and no cache available","level":"error","message":"Failed to update price","requestId":"no-request-id","service":"justin-lee-ai-backend","timestamp":"2026-01-14 08:53:51"}
{"error":"Unable to fetch token price and no cache available","level":"error","message":"Failed to update price","requestId":"no-request-id","service":"justin-lee-ai-backend","timestamp":"2026-01-14 08:55:50"}
{"error":"Unable to fetch token price and no cache available","level":"error","message":"Failed to update price","requestId":"no-request-id","service":"justin-lee-ai-backend","timestamp":"2026-01-14 08:57:50"}
{"error":"Unable to fetch token price and no cache available","level":"error","message":"Failed to update price","requestId":"no-request-id","service":"justin-lee-ai-backend","timestamp":"2026-01-14 08:59:50"}
{"error":"Unable to fetch token price and no cache available","level":"error","message":"Failed to update price","requestId":"no-request-id","service":"justin-lee-ai-backend","timestamp":"2026-01-14 09:01:50"}
{"error":"Unable to fetch token price and no cache available","level":"error","message":"Failed to update price","requestId":"no-request-id","service":"justin-lee-ai-backend","timestamp":"2026-01-14 09:03:51"}
{"error":"Unable to fetch token price and no cache available","level":"error","message":"Failed to update price","requestId":"no-request-id","service":"justin-lee-ai-backend","timestamp":"2026-01-14 09:05:50"}
{"error":"Unable to fetch token price and no cache available","level":"error","message":"Failed to update price","requestId":"no-request-id","service":"justin-lee-ai-backend","timestamp":"2026-01-14 09:07:50"}
{"error":"Unable to fetch token price and no cache available","level":"error","message":"Failed to update price","requestId":"no-request-id","service":"justin-lee-ai-backend","timestamp":"2026-01-14 09:09:50"}
{"error":"Unable to fetch token price and no cache available","level":"error","message":"Failed to update price","requestId":"no-request-id","service":"justin-lee-ai-backend","timestamp":"2026-01-14 09:11:50"}
{"error":"Unable to fetch token price and no cache available","level":"error","message":"Failed to update price","requestId":"no-request-id","service":"justin-lee-ai-backend","timestamp":"2026-01-14 09:13:51"}
{"error":"Unable to fetch token price and no cache available","level":"error","message":"Failed to update price","requestId":"no-request-id","service":"justin-lee-ai-backend","timestamp":"2026-01-14 09:15:50"}
{"error":"Unable to fetch token price and no cache available","level":"error","message":"Failed to update price","requestId":"no-request-id","service":"justin-lee-ai-backend","timestamp":"2026-01-14 09:17:50"}
{"error":"Unable to fetch token price and no cache available","level":"error","message":"Failed to update price","requestId":"no-request-id","service":"justin-lee-ai-backend","timestamp":"2026-01-14 09:19:51"}
{"error":"Unable to fetch token price and no cache available","level":"error","message":"Failed to update price","requestId":"no-request-id","service":"justin-lee-ai-backend","timestamp":"2026-01-14 09:21:51"}
{"error":"Unable to fetch token price and no cache available","level":"error","message":"Failed to update price","requestId":"no-request-id","service":"justin-lee-ai-backend","timestamp":"2026-01-14 09:23:50"}
{"error":"Unable to fetch token price and no cache available","level":"error","message":"Failed to update price","requestId":"no-request-id","service":"justin-lee-ai-backend","timestamp":"2026-01-14 09:25:50"}
{"error":"Unable to fetch token price and no cache available","level":"error","message":"Failed to update price","requestId":"no-request-id","service":"justin-lee-ai-backend","timestamp":"2026-01-14 09:27:50"}
{"error":"Unable to fetch token price and no cache available","level":"error","message":"Failed to update price","requestId":"no-request-id","service":"justin-lee-ai-backend","timestamp":"2026-01-14 09:29:51"}
{"error":"Unable to fetch token price and no cache available","level":"error","message":"Failed to update price","requestId":"no-request-id","service":"justin-lee-ai-backend","timestamp":"2026-01-14 09:31:50"}
{"error":"Unable to fetch token price and no cache available","level":"error","message":"Failed to update price","requestId":"no-request-id","service":"justin-lee-ai-backend","timestamp":"2026-01-14 09:33:50"}
{"error":"Unable to fetch token price and no cache available","level":"error","message":"Failed to update price","requestId":"no-request-id","service":"justin-lee-ai-backend","timestamp":"2026-01-14 09:35:50"}
{"error":"Unable to fetch token price and no cache available","level":"error","message":"Failed to update price","requestId":"no-request-id","service":"justin-lee-ai-backend","timestamp":"2026-01-14 09:37:50"}
{"error":"Unable to fetch token price and no cache available","level":"error","message":"Failed to update price","requestId":"no-request-id","service":"justin-lee-ai-backend","timestamp":"2026-01-14 09:39:50"}
{"error":"Unable to fetch token price and no cache available","level":"error","message":"Failed to update price","requestId":"no-request-id","service":"justin-lee-ai-backend","timestamp":"2026-01-14 09:41:50"}
{"error":"Unable to fetch token price and no cache available","level":"error","message":"Failed to update price","requestId":"no-request-id","service":"justin-lee-ai-backend","timestamp":"2026-01-14 09:43:50"}
{"error":"Unable to fetch token price and no cache available","level":"error","message":"Failed to update price","requestId":"no-request-id","service":"justin-lee-ai-backend","timestamp":"2026-01-14 09:49:45"}
{"error":"Unable to fetch token price and no cache available","level":"error","message":"Failed to update price","requestId":"no-request-id","service":"justin-lee-ai-backend","timestamp":"2026-01-14 09:51:42"}
{"error":"Unable to fetch token price and no cache available","level":"error","message":"Failed to update price","requestId":"no-request-id","service":"justin-lee-ai-backend","timestamp":"2026-01-14 09:53:42"}
{"error":"Unable to fetch token price and no cache available","level":"error","message":"Failed to update price","requestId":"no-request-id","service":"justin-lee-ai-backend","timestamp":"2026-01-14 09:55:41"}
{"error":"Unable to fetch token price and no cache available","level":"error","message":"Failed to update price","requestId":"no-request-id","service":"justin-lee-ai-backend","timestamp":"2026-01-14 09:57:42"}
{"error":"Unable to fetch token price and no cache available","level":"error","message":"Failed to update price","requestId":"no-request-id","service":"justin-lee-ai-backend","timestamp":"2026-01-14 10:11:39"}
{"error":"Unable to fetch token price and no cache available","level":"error","message":"Failed to update price","requestId":"no-request-id","service":"justin-lee-ai-backend","timestamp":"2026-01-14 10:13:38"}
{"error":"Unable to fetch token price and no cache available","level":"error","message":"Failed to update price","requestId":"no-request-id","service":"justin-lee-ai-backend","timestamp":"2026-01-14 10:15:38"}
{"error":"Unable to fetch token price and no cache available","level":"error","message":"Failed to update price","requestId":"no-request-id","service":"justin-lee-ai-backend","timestamp":"2026-01-14 10:17:39"}
{"error":"Unable to fetch token price and no cache available","level":"error","message":"Failed to update price","requestId":"no-request-id","service":"justin-lee-ai-backend","timestamp":"2026-01-14 10:19:38"}
{"error":"Unable to fetch token price and no cache available","level":"error","message":"Failed to update price","requestId":"no-request-id","service":"justin-lee-ai-backend","timestamp":"2026-01-14 10:21:38"}
{"error":"Unable to fetch token price and no cache available","level":"error","message":"Failed to update price","requestId":"no-request-id","service":"justin-lee-ai-backend","timestamp":"2026-01-14 10:23:38"}
{"error":"Unable to fetch token price and no cache available","level":"error","message":"Failed to update price","requestId":"no-request-id","service":"justin-lee-ai-backend","timestamp":"2026-01-14 10:25:38"}
{"error":"Unable to fetch token price and no cache available","level":"error","message":"Failed to update price","requestId":"no-request-id","service":"justin-lee-ai-backend","timestamp":"2026-01-14 10:27:38"}
{"error":"Unable to fetch token price and no cache available","level":"error","message":"Failed to update price","requestId":"no-request-id","service":"justin-lee-ai-backend","timestamp":"2026-01-14 10:29:38"}
{"error":"Unable to fetch token price and no cache available","level":"error","message":"Failed to update price","requestId":"no-request-id","service":"justin-lee-ai-backend","timestamp":"2026-01-14 10:31:38"}
{"error":"Unable to fetch token price and no cache available","level":"error","message":"Failed to update price","requestId":"no-request-id","service":"justin-lee-ai-backend","timestamp":"2026-01-14 10:33:40"}
{"error":"Unable to fetch token price and no cache available","level":"error","message":"Failed to update price","requestId":"no-request-id","service":"justin-lee-ai-backend","timestamp":"2026-01-14 10:35:38"}
{"error":"Unable to fetch token price and no cache available","level":"error","message":"Failed to update price","requestId":"no-request-id","service":"justin-lee-ai-backend","timestamp":"2026-01-14 10:37:38"}
{"error":"Unable to fetch token price and no cache available","level":"error","message":"Failed to update price","requestId":"no-request-id","service":"justin-lee-ai-backend","timestamp":"2026-01-14 10:39:39"}
{"error":"Unable to fetch token price and no cache available","level":"error","message":"Failed to update price","requestId":"no-request-id","service":"justin-lee-ai-backend","timestamp":"2026-01-14 10:41:38"}
{"error":"Unable to fetch token price and no cache available","level":"error","message":"Failed to update price","requestId":"no-request-id","service":"justin-lee-ai-backend","timestamp":"2026-01-14 10:43:38"}
{"error":"Unable to fetch token price and no cache available","level":"error","message":"Failed to update price","requestId":"no-request-id","service":"justin-lee-ai-backend","timestamp":"2026-01-14 10:45:38"}
{"error":"Unable to fetch token price and no cache available","level":"error","message":"Failed to update price","requestId":"no-request-id","service":"justin-lee-ai-backend","timestamp":"2026-01-14 10:47:38"}
{"error":"Unable to fetch token price and no cache available","level":"error","message":"Failed to update price","requestId":"no-request-id","service":"justin-lee-ai-backend","timestamp":"2026-01-14 12:15:21"}
{"error":"Unable to fetch token price and no cache available","level":"error","message":"Failed to update price","requestId":"no-request-id","service":"justin-lee-ai-backend","timestamp":"2026-01-14 12:17:18"}
{"error":"Unable to fetch token price and no cache available","level":"error","message":"Failed to update price","requestId":"no-request-id","service":"justin-lee-ai-backend","timestamp":"2026-01-14 12:19:18"}
{"error":"Unable to fetch token price and no cache available","level":"error","message":"Failed to update price","requestId":"no-request-id","service":"justin-lee-ai-backend","timestamp":"2026-01-14 14:18:30"}
{"error":"Unable to fetch token price and no cache available","level":"error","message":"Failed to update price","requestId":"no-request-id","service":"justin-lee-ai-backend","timestamp":"2026-01-14 14:20:29"}
{"error":"Unable to fetch token price and no cache available","level":"error","message":"Failed to update price","requestId":"no-request-id","service":"justin-lee-ai-backend","timestamp":"2026-01-14 14:22:30"}
{"error":"Unable to fetch token price and no cache available","level":"error","message":"Failed to update price","requestId":"no-request-id","service":"justin-lee-ai-backend","timestamp":"2026-01-14 14:24:28"}
{"error":"Unable to fetch token price and no cache available","level":"error","message":"Failed to update price","requestId":"no-request-id","service":"justin-lee-ai-backend","timestamp":"2026-01-14 14:26:29"}
{"error":"Unable to fetch token price and no cache available","level":"error","message":"Failed to update price","requestId":"no-request-id","service":"justin-lee-ai-backend","timestamp":"2026-01-14 14:28:28"}
{"error":"Unable to fetch token price and no cache available","level":"error","message":"Failed to update price","requestId":"no-request-id","service":"justin-lee-ai-backend","timestamp":"2026-01-14 14:30:28"}
{"error":"Unable to fetch token price and no cache available","level":"error","message":"Failed to update price","requestId":"no-request-id","service":"justin-lee-ai-backend","timestamp":"2026-01-14 14:32:28"}
{"error":"querySrv ESERVFAIL _mongodb._tcp.cluster0.aleonke.mongodb.net","level":"error","message":"MongoDB Connection Error","requestId":"no-request-id","service":"justin-lee-ai-backend","timestamp":"2026-01-14 14:34:49"}
{"error":"Unable to fetch token price and no cache available","level":"error","message":"Failed to update price","requestId":"no-request-id","service":"justin-lee-ai-backend","timestamp":"2026-01-14 14:36:47"}
{"error":"Unable to fetch token price and no cache available","level":"error","message":"Failed to update price","requestId":"no-request-id","service":"justin-lee-ai-backend","timestamp":"2026-01-14 14:38:47"}
{"error":"Operation `usagerecords.find()` buffering timed out after 10000ms","level":"error","message":"Automated settlement check failed","requestId":"no-request-id","service":"justin-lee-ai-backend","timestamp":"2026-01-14 14:39:57"}
{"error":"Unable to fetch token price and no cache available","level":"error","message":"Failed to update price","requestId":"no-request-id","service":"justin-lee-ai-backend","timestamp":"2026-01-14 14:40:47"}
{"error":"Unable to fetch token price and no cache available","level":"error","message":"Failed to update price","requestId":"no-request-id","service":"justin-lee-ai-backend","timestamp":"2026-01-14 14:42:47"}
{"error":"Unable to fetch token price and no cache available","level":"error","message":"Failed to update price","requestId":"no-request-id","service":"justin-lee-ai-backend","timestamp":"2026-01-14 14:44:49"}
{"error":"Operation `usagerecords.find()` buffering timed out after 10000ms","level":"error","message":"Automated settlement check failed","requestId":"no-request-id","service":"justin-lee-ai-backend","timestamp":"2026-01-14 14:44:57"}
{"error":"Unable to fetch token price and no cache available","level":"error","message":"Failed to update price","requestId":"no-request-id","service":"justin-lee-ai-backend","timestamp":"2026-01-14 14:46:47"}
{"error":"Unable to fetch token price and no cache available","level":"error","message":"Failed to update price","requestId":"no-request-id","service":"justin-lee-ai-backend","timestamp":"2026-01-14 14:48:47"}
{"error":"Operation `usagerecords.find()` buffering timed out after 10000ms","level":"error","message":"Automated settlement check failed","requestId":"no-request-id","service":"justin-lee-ai-backend","timestamp":"2026-01-14 14:49:57"}
{"error":"Unable to fetch token price and no cache available","level":"error","message":"Failed to update price","requestId":"no-request-id","service":"justin-lee-ai-backend","timestamp":"2026-01-14 14:50:48"}
{"error":"Unable to fetch token price and no cache available","level":"error","message":"Failed to update price","requestId":"no-request-id","service":"justin-lee-ai-backend","timestamp":"2026-01-14 14:52:47"}
{"error":"Unable to fetch token price and no cache available","level":"error","message":"Failed to update price","requestId":"no-request-id","service":"justin-lee-ai-backend","timestamp":"2026-01-14 14:54:47"}
{"error":"Operation `usagerecords.find()` buffering timed out after 10000ms","level":"error","message":"Automated settlement check failed","requestId":"no-request-id","service":"justin-lee-ai-backend","timestamp":"2026-01-14 14:54:57"}
{"error":"Unable to fetch token price and no cache available","level":"error","message":"Failed to update price","requestId":"no-request-id","service":"justin-lee-ai-backend","timestamp":"2026-01-14 14:56:47"}
{"error":"Unable to fetch token price and no cache available","level":"error","message":"Failed to update price","requestId":"no-request-id","service":"justin-lee-ai-backend","timestamp":"2026-01-14 14:58:47"}
{"error":"Operation `usagerecords.find()` buffering timed out after 10000ms","level":"error","message":"Automated settlement check failed","requestId":"no-request-id","service":"justin-lee-ai-backend","timestamp":"2026-01-14 14:59:57"}
{"error":"Unable to fetch token price and no cache available","level":"error","message":"Failed to update price","requestId":"no-request-id","service":"justin-lee-ai-backend","timestamp":"2026-01-14 15:00:47"}
{"error":"Unable to fetch token price and no cache available","level":"error","message":"Failed to update price","requestId":"no-request-id","service":"justin-lee-ai-backend","timestamp":"2026-01-14 15:02:47"}
{"error":"querySrv ESERVFAIL _mongodb._tcp.cluster0.aleonke.mongodb.net","level":"error","message":"MongoDB Connection Error","requestId":"no-request-id","service":"justin-lee-ai-backend","timestamp":"2026-01-14 15:03:22"}
{"error":"Unable to fetch token price and no cache available","level":"error","message":"Failed to update price","requestId":"no-request-id","service":"justin-lee-ai-backend","timestamp":"2026-01-14 15:05:22"}
{"error":"Unable to fetch token price and no cache available","level":"error","message":"Failed to update price","requestId":"no-request-id","service":"justin-lee-ai-backend","timestamp":"2026-01-14 15:07:21"}
{"error":"Operation `usagerecords.find()` buffering timed out after 10000ms","level":"error","message":"Automated settlement check failed","requestId":"no-request-id","service":"justin-lee-ai-backend","timestamp":"2026-01-14 15:08:30"}
{"error":"Unable to fetch token price and no cache available","level":"error","message":"Failed to update price","requestId":"no-request-id","service":"justin-lee-ai-backend","timestamp":"2026-01-14 15:09:21"}
{"error":"Unable to fetch token price and no cache available","level":"error","message":"Failed to update price","requestId":"no-request-id","service":"justin-lee-ai-backend","timestamp":"2026-01-14 15:11:21"}
{"error":"queryTxt ESERVFAIL cluster0.aleonke.mongodb.net","level":"error","message":"MongoDB Connection Error","requestId":"no-request-id","service":"justin-lee-ai-backend","timestamp":"2026-01-14 15:13:23"}
{"error":"queryTxt ESERVFAIL cluster0.aleonke.mongodb.net","level":"error","message":"MongoDB Connection Error","requestId":"no-request-id","service":"justin-lee-ai-backend","timestamp":"2026-01-14 15:13:59"}
{"error":"querySrv ESERVFAIL _mongodb._tcp.cluster0.aleonke.mongodb.net","level":"error","message":"MongoDB Connection Error","requestId":"no-request-id","service":"justin-lee-ai-backend","timestamp":"2026-01-14 15:15:34"}
{"error":"queryTxt ESERVFAIL cluster0.aleonke.mongodb.net","level":"error","message":"MongoDB Connection Error","requestId":"no-request-id","service":"justin-lee-ai-backend","timestamp":"2026-01-14 15:18:25"}
{"error":"queryTxt ESERVFAIL cluster0.aleonke.mongodb.net","level":"error","message":"MongoDB Connection Error","requestId":"no-request-id","service":"justin-lee-ai-backend","timestamp":"2026-01-14 15:19:16"}
{"error":"querySrv ESERVFAIL _mongodb._tcp.cluster0.aleonke.mongodb.net","level":"error","message":"MongoDB Connection Error","requestId":"no-request-id","service":"justin-lee-ai-backend","timestamp":"2026-01-14 15:22:27"}
{"error":"Unable to fetch token price from any endpoint: getaddrinfo EAI_AGAIN price.jup.ag","level":"error","message":"Failed to update price","requestId":"no-request-id","service":"justin-lee-ai-backend","timestamp":"2026-01-14 15:24:27"}
{"error":"Unable to fetch token price from any endpoint: getaddrinfo EAI_AGAIN price.jup.ag","level":"error","message":"Failed to update price","requestId":"no-request-id","service":"justin-lee-ai-backend","timestamp":"2026-01-14 15:26:27"}
{"error":"querySrv ESERVFAIL _mongodb._tcp.cluster0.aleonke.mongodb.net","level":"error","message":"MongoDB Connection Error","requestId":"no-request-id","service":"justin-lee-ai-backend","timestamp":"2026-01-14 15:27:19"}
{"error":"querySrv ESERVFAIL _mongodb._tcp.cluster0.aleonke.mongodb.net","level":"error","message":"MongoDB Connection Error","requestId":"no-request-id","service":"justin-lee-ai-backend","timestamp":"2026-01-14 20:00:10"}
{"error":"querySrv ESERVFAIL _mongodb._tcp.cluster0.aleonke.mongodb.net","level":"error","message":"MongoDB Connection Error","requestId":"no-request-id","service":"justin-lee-ai-backend","timestamp":"2026-01-14 20:02:00"}
{"error":"querySrv ESERVFAIL _mongodb._tcp.cluster0.aleonke.mongodb.net","level":"error","message":"MongoDB Connection Error","requestId":"no-request-id","service":"justin-lee-ai-backend","timestamp":"2026-01-14 20:02:19"}
{"error":"querySrv ESERVFAIL _mongodb._tcp.cluster0.aleonke.mongodb.net","level":"error","message":"MongoDB Connection Error","requestId":"no-request-id","service":"justin-lee-ai-backend","timestamp":"2026-01-14 20:03:24"}
{"error":"getaddrinfo EAI_AGAIN api.jup.ag","level":"error","message":"Failed to update price","requestId":"no-request-id","service":"justin-lee-ai-backend","timestamp":"2026-01-14 20:05:25"}
{"error":"getaddrinfo EAI_AGAIN api.jup.ag","level":"error","message":"Failed to update price","requestId":"no-request-id","service":"justin-lee-ai-backend","timestamp":"2026-01-14 20:07:25"}
{"error":"Operation `usagerecords.find()` buffering timed out after 10000ms","level":"error","message":"Automated settlement check failed","requestId":"no-request-id","service":"justin-lee-ai-backend","timestamp":"2026-01-14 20:08:33"}
{"error":"getaddrinfo EAI_AGAIN api.jup.ag","level":"error","message":"Failed to update price","requestId":"no-request-id","service":"justin-lee-ai-backend","timestamp":"2026-01-14 20:09:25"}
{"error":"getaddrinfo EAI_AGAIN api.jup.ag","level":"error","message":"Failed to update price","requestId":"no-request-id","service":"justin-lee-ai-backend","timestamp":"2026-01-14 20:11:25"}
{"error":"Operation `usagerecords.find()` buffering timed out after 10000ms","level":"error","message":"Automated settlement check failed","requestId":"no-request-id","service":"justin-lee-ai-backend","timestamp":"2026-01-14 20:13:33"}
{"error":"Operation `usagerecords.find()` buffering timed out after 10000ms","level":"error","message":"Automated settlement check failed","requestId":"no-request-id","service":"justin-lee-ai-backend","timestamp":"2026-01-14 20:18:33"}
{"error":"Operation `usagerecords.find()` buffering timed out after 10000ms","level":"error","message":"Automated settlement check failed","requestId":"no-request-id","service":"justin-lee-ai-backend","timestamp":"2026-01-14 20:23:33"}
{"error":"Operation `usagerecords.find()` buffering timed out after 10000ms","level":"error","message":"Automated settlement check failed","requestId":"no-request-id","service":"justin-lee-ai-backend","timestamp":"2026-01-14 20:28:33"}
{"error":"Operation `usagerecords.find()` buffering timed out after 10000ms","level":"error","message":"Automated settlement check failed","requestId":"no-request-id","service":"justin-lee-ai-backend","timestamp":"2026-01-14 20:33:33"}
{"error":"Operation `usagerecords.find()` buffering timed out after 10000ms","level":"error","message":"Automated settlement check failed","requestId":"no-request-id","service":"justin-lee-ai-backend","timestamp":"2026-01-14 20:38:33"}
{"error":"Operation `usagerecords.find()` buffering timed out after 10000ms","level":"error","message":"Automated settlement check failed","requestId":"no-request-id","service":"justin-lee-ai-backend","timestamp":"2026-01-14 20:43:33"}
{"error":"Operation `usagerecords.find()` buffering timed out after 10000ms","level":"error","message":"Automated settlement check failed","requestId":"no-request-id","service":"justin-lee-ai-backend","timestamp":"2026-01-15 05:14:48"}
{"error":"Operation `usagerecords.find()` buffering timed out after 10000ms","level":"error","message":"Scheduled settlement failed","requestId":"no-request-id","service":"justin-lee-ai-backend","timestamp":"2026-01-15 05:14:49"}
{"error":"Operation `usagerecords.find()` buffering timed out after 10000ms","level":"error","message":"Automated settlement check failed","requestId":"no-request-id","service":"justin-lee-ai-backend","timestamp":"2026-01-15 05:33:46"}
{"error":"Operation `usagerecords.find()` buffering timed out after 10000ms","level":"error","message":"Automated settlement check failed","requestId":"no-request-id","service":"justin-lee-ai-backend","timestamp":"2026-01-15 05:38:46"}
{"error":"Operation `usagerecords.find()` buffering timed out after 10000ms","level":"error","message":"Automated settlement check failed","requestId":"no-request-id","service":"justin-lee-ai-backend","timestamp":"2026-01-15 05:43:46"}
{"error":"Operation `usagerecords.find()` buffering timed out after 10000ms","level":"error","message":"Automated settlement check failed","requestId":"no-request-id","service":"justin-lee-ai-backend","timestamp":"2026-01-15 05:48:46"}
{"error":"Operation `usagerecords.find()` buffering timed out after 10000ms","level":"error","message":"Automated settlement check failed","requestId":"no-request-id","service":"justin-lee-ai-backend","timestamp":"2026-01-15 05:53:46"}
{"error":"Operation `usagerecords.find()` buffering timed out after 10000ms","level":"error","message":"Automated settlement check failed","requestId":"no-request-id","service":"justin-lee-ai-backend","timestamp":"2026-01-15 05:58:46"}
{"error":"Operation `usagerecords.find()` buffering timed out after 10000ms","level":"error","message":"Automated settlement check failed","requestId":"no-request-id","service":"justin-lee-ai-backend","timestamp":"2026-01-15 06:03:46"}
{"error":"Operation `usagerecords.find()` buffering timed out after 10000ms","level":"error","message":"Automated settlement check failed","requestId":"no-request-id","service":"justin-lee-ai-backend","timestamp":"2026-01-15 06:08:46"}
{"error":"Operation `usagerecords.find()` buffering timed out after 10000ms","level":"error","message":"Automated settlement check failed","requestId":"no-request-id","service":"justin-lee-ai-backend","timestamp":"2026-01-15 06:13:46"}
{"error":"Operation `usagerecords.find()` buffering timed out after 10000ms","level":"error","message":"Scheduled settlement failed","requestId":"no-request-id","service":"justin-lee-ai-backend","timestamp":"2026-01-15 06:14:48"}
{"error":"Operation `usagerecords.find()` buffering timed out after 10000ms","level":"error","message":"Automated settlement check failed","requestId":"no-request-id","service":"justin-lee-ai-backend","timestamp":"2026-01-15 06:18:46"}
{"error":"Operation `usagerecords.find()` buffering timed out after 10000ms","level":"error","message":"Automated settlement check failed","requestId":"no-request-id","service":"justin-lee-ai-backend","timestamp":"2026-01-15 06:23:46"}
{"error":"Operation `usagerecords.find()` buffering timed out after 10000ms","level":"error","message":"Automated settlement check failed","requestId":"no-request-id","service":"justin-lee-ai-backend","timestamp":"2026-01-15 06:28:46"}
{"error":"Operation `usagerecords.find()` buffering timed out after 10000ms","level":"error","message":"Automated settlement check failed","requestId":"no-request-id","service":"justin-lee-ai-backend","timestamp":"2026-01-15 06:33:46"}
{"error":"Operation `usagerecords.find()` buffering timed out after 10000ms","level":"error","message":"Automated settlement check failed","requestId":"no-request-id","service":"justin-lee-ai-backend","timestamp":"2026-01-15 06:38:46"}
{"error":"Operation `usagerecords.find()` buffering timed out after 10000ms","level":"error","message":"Automated settlement check failed","requestId":"no-request-id","service":"justin-lee-ai-backend","timestamp":"2026-01-15 06:43:46"}
{"error":"Operation `usagerecords.find()` buffering timed out after 10000ms","level":"error","message":"Automated settlement check failed","requestId":"no-request-id","service":"justin-lee-ai-backend","timestamp":"2026-01-15 06:48:46"}
{"error":"Operation `usagerecords.find()` buffering timed out after 10000ms","level":"error","message":"Automated settlement check failed","requestId":"no-request-id","service":"justin-lee-ai-backend","timestamp":"2026-01-15 06:53:46"}
{"error":"Operation `usagerecords.find()` buffering timed out after 10000ms","level":"error","message":"Automated settlement check failed","requestId":"no-request-id","service":"justin-lee-ai-backend","timestamp":"2026-01-15 06:58:46"}
{"error":"Operation `usagerecords.find()` buffering timed out after 10000ms","level":"error","message":"Automated settlement check failed","requestId":"no-request-id","service":"justin-lee-ai-backend","timestamp":"2026-01-15 07:03:46"}
{"error":"Operation `usagerecords.find()` buffering timed out after 10000ms","level":"error","message":"Automated settlement check failed","requestId":"no-request-id","service":"justin-lee-ai-backend","timestamp":"2026-01-15 07:08:46"}
{"error":"Operation `usagerecords.find()` buffering timed out after 10000ms","level":"error","message":"Automated settlement check failed","requestId":"no-request-id","service":"justin-lee-ai-backend","timestamp":"2026-01-15 07:46:31"}
{"error":"Operation `usagerecords.find()` buffering timed out after 10000ms","level":"error","message":"Scheduled settlement failed","requestId":"no-request-id","service":"justin-lee-ai-backend","timestamp":"2026-01-15 07:46:31"}
{"error":"Operation `usagerecords.find()` buffering timed out after 10000ms","level":"error","message":"Automated settlement check failed","requestId":"no-request-id","service":"justin-lee-ai-backend","timestamp":"2026-01-15 07:57:18"}
{"error":"Operation `usagerecords.find()` buffering timed out after 10000ms","level":"error","message":"Automated settlement check failed","requestId":"no-request-id","service":"justin-lee-ai-backend","timestamp":"2026-01-15 08:02:18"}
{"error":"Operation `usagerecords.find()` buffering timed out after 10000ms","level":"error","message":"Automated settlement check failed","requestId":"no-request-id","service":"justin-lee-ai-backend","timestamp":"2026-01-15 08:51:21"}
{"error":"Operation `usagerecords.find()` buffering timed out after 10000ms","level":"error","message":"Scheduled settlement failed","requestId":"no-request-id","service":"justin-lee-ai-backend","timestamp":"2026-01-15 08:51:21"}
{"error":"Operation `usagerecords.find()` buffering timed out after 10000ms","level":"error","message":"Automated settlement check failed","requestId":"no-request-id","service":"justin-lee-ai-backend","timestamp":"2026-01-15 08:56:21"}
{"error":"Operation `usagerecords.find()` buffering timed out after 10000ms","level":"error","message":"Automated settlement check failed","requestId":"no-request-id","service":"justin-lee-ai-backend","timestamp":"2026-01-15 09:11:26"}
{"error":"queryTxt ESERVFAIL cluster0.aleonke.mongodb.net","level":"error","message":"MongoDB Connection Error","requestId":"no-request-id","service":"justin-lee-ai-backend","timestamp":"2026-01-15 09:14:53"}
{"error":"Operation `usagerecords.find()` buffering timed out after 10000ms","level":"error","message":"Automated settlement check failed","requestId":"no-request-id","service":"justin-lee-ai-backend","timestamp":"2026-01-15 09:20:01"}
{"error":"querySrv ECONNREFUSED _mongodb._tcp.cluster0.aleonke.mongodb.net","level":"error","message":"MongoDB Connection Error","requestId":"no-request-id","service":"suban-ai-backend","timestamp":"2026-01-20 06:40:14"}
{"error":"querySrv ECONNREFUSED _mongodb._tcp.cluster0.aleonke.mongodb.net","level":"error","message":"MongoDB Connection Error","requestId":"no-request-id","service":"suban-ai-backend","timestamp":"2026-01-20 06:40:22"}
{"error":"querySrv ECONNREFUSED _mongodb._tcp.cluster0.aleonke.mongodb.net","level":"error","message":"MongoDB Connection Error","requestId":"no-request-id","service":"suban-ai-backend","timestamp":"2026-01-20 06:44:00"}
{"error":"querySrv ECONNREFUSED _mongodb._tcp.cluster0.aleonke.mongodb.net","level":"error","message":"MongoDB Connection Error","requestId":"no-request-id","service":"suban-ai-backend","timestamp":"2026-01-20 06:45:36"}
{"error":"Operation `usagerecords.find()` buffering timed out after 10000ms","level":"error","message":"Automated settlement check failed","requestId":"no-request-id","service":"suban-ai-backend","timestamp":"2026-01-20 06:50:48"}
{"error":"Operation `usagerecords.find()` buffering timed out after 10000ms","level":"error","message":"Automated settlement check failed","requestId":"no-request-id","service":"suban-ai-backend","timestamp":"2026-01-20 06:55:48"}
{"error":"querySrv ECONNREFUSED _mongodb._tcp.cluster0.aleonke.mongodb.net","level":"error","message":"MongoDB Connection Error","requestId":"no-request-id","service":"suban-ai-backend","timestamp":"2026-01-20 06:58:59"}
{"error":"Operation `usagerecords.find()` buffering timed out after 10000ms","level":"error","message":"Automated settlement check failed","requestId":"no-request-id","service":"suban-ai-backend","timestamp":"2026-01-20 07:04:12"}
{"error":"querySrv ECONNREFUSED _mongodb._tcp.cluster0.aleonke.mongodb.net","level":"error","message":"MongoDB Connection Error","requestId":"no-request-id","service":"suban-ai-backend","timestamp":"2026-01-20 07:05:00"}
{"error":"querySrv ECONNREFUSED _mongodb._tcp.cluster0.aleonke.mongodb.net","level":"error","message":"MongoDB Connection Error","requestId":"no-request-id","service":"suban-ai-backend","timestamp":"2026-01-20 07:06:28"}
{"error":"querySrv ECONNREFUSED _mongodb._tcp.cluster0.aleonke.mongodb.net","level":"error","message":"MongoDB Connection Error","requestId":"no-request-id","service":"suban-ai-backend","timestamp":"2026-01-20 07:15:17"}
{"error":"querySrv ECONNREFUSED _mongodb._tcp.cluster0.aleonke.mongodb.net","level":"error","message":"MongoDB Connection Error","requestId":"no-request-id","service":"suban-ai-backend","timestamp":"2026-01-20 07:16:13"}
{"error":"querySrv ECONNREFUSED _mongodb._tcp.cluster0.aleonke.mongodb.net","level":"error","message":"MongoDB Connection Error","requestId":"no-request-id","service":"suban-ai-backend","timestamp":"2026-01-20 07:17:46"}
{"error":"querySrv ECONNREFUSED _mongodb._tcp.cluster0.aleonke.mongodb.net","level":"error","message":"MongoDB Connection Error","requestId":"no-request-id","service":"suban-ai-backend","stack":"Error: querySrv ECONNREFUSED _mongodb._tcp.cluster0.aleonke.mongodb.net\n    at QueryReqWrap.onresolve [as oncomplete] (node:internal/dns/promises:294:17)","timestamp":"2026-01-20 07:20:00"}
{"error":"querySrv ECONNREFUSED _mongodb._tcp.cluster0.aleonke.mongodb.net","level":"error","message":"MongoDB Initial Connection Error","note":"Connection will retry automatically. If this persists, check your MONGODB_URI and network connectivity.","requestId":"no-request-id","service":"suban-ai-backend","stack":"Error: querySrv ECONNREFUSED _mongodb._tcp.cluster0.aleonke.mongodb.net\n    at QueryReqWrap.onresolve [as oncomplete] (node:internal/dns/promises:294:17)","timestamp":"2026-01-20 07:20:18"}
{"error":"querySrv ECONNREFUSED _mongodb._tcp.cluster0.aleonke.mongodb.net","level":"error","message":"MongoDB Connection Error","requestId":"no-request-id","service":"suban-ai-backend","stack":"Error: querySrv ECONNREFUSED _mongodb._tcp.cluster0.aleonke.mongodb.net\n    at QueryReqWrap.onresolve [as oncomplete] (node:internal/dns/promises:294:17)","timestamp":"2026-01-20 07:20:18"}
{"error":"querySrv ECONNREFUSED _mongodb._tcp.cluster0.aleonke.mongodb.net","level":"error","message":"MongoDB Initial Connection Error","note":"Connection will retry automatically. If this persists, check your MONGODB_URI and network connectivity.","requestId":"no-request-id","service":"suban-ai-backend","stack":"Error: querySrv ECONNREFUSED _mongodb._tcp.cluster0.aleonke.mongodb.net\n    at QueryReqWrap.onresolve [as oncomplete] (node:internal/dns/promises:294:17)","timestamp":"2026-01-20 07:20:42"}
{"error":"querySrv ECONNREFUSED _mongodb._tcp.cluster0.aleonke.mongodb.net","level":"error","message":"MongoDB Connection Error","requestId":"no-request-id","service":"suban-ai-backend","stack":"Error: querySrv ECONNREFUSED _mongodb._tcp.cluster0.aleonke.mongodb.net\n    at QueryReqWrap.onresolve [as oncomplete] (node:internal/dns/promises:294:17)","timestamp":"2026-01-20 07:20:42"}
{"error":"Operation `usagerecords.find()` buffering timed out after 10000ms","level":"error","message":"Automated settlement check failed","requestId":"no-request-id","service":"suban-ai-backend","timestamp":"2026-01-20 07:25:53"}
{"error":"querySrv ECONNREFUSED _mongodb._tcp.cluster0.aleonke.mongodb.net","level":"error","message":"MongoDB Initial Connection Error","note":"Connection will retry automatically. If this persists, check your MONGODB_URI and network connectivity.","requestId":"no-request-id","service":"suban-ai-backend","stack":"Error: querySrv ECONNREFUSED _mongodb._tcp.cluster0.aleonke.mongodb.net\n    at QueryReqWrap.onresolve [as oncomplete] (node:internal/dns/promises:294:17)","timestamp":"2026-01-20 07:29:28"}
{"error":"querySrv ECONNREFUSED _mongodb._tcp.cluster0.aleonke.mongodb.net","level":"error","message":"MongoDB Connection Error","requestId":"no-request-id","service":"suban-ai-backend","stack":"Error: querySrv ECONNREFUSED _mongodb._tcp.cluster0.aleonke.mongodb.net\n    at QueryReqWrap.onresolve [as oncomplete] (node:internal/dns/promises:294:17)","timestamp":"2026-01-20 07:29:28"}
